2026-01-16 07:44:57.910+0000 INFO  Logging config in use: File '/var/lib/neo4j/conf/user-logs.xml'
2026-01-16 07:44:57.932+0000 INFO  Starting...
2026-01-16 07:44:59.194+0000 INFO  This instance is ServerId{fbf5d31a} (fbf5d31a-6f48-488f-a5f0-c5f1671359cd)
2026-01-16 07:45:00.012+0000 INFO  ======== Neo4j 5.16.0 ========
2026-01-16 07:45:46.626+0000 INFO  Neo4j Server shutdown initiated by request
2026-01-16 07:45:46.630+0000 INFO  Stopped.
2026-01-16 07:45:54.748+0000 INFO  Logging config in use: File '/var/lib/neo4j/conf/user-logs.xml'
2026-01-16 07:45:54.772+0000 INFO  Starting...
2026-01-16 07:45:56.074+0000 INFO  This instance is ServerId{fbf5d31a} (fbf5d31a-6f48-488f-a5f0-c5f1671359cd)
2026-01-16 07:45:56.797+0000 INFO  ======== Neo4j 5.16.0 ========
2026-01-16 07:46:10.944+0000 INFO  Bolt enabled on 0.0.0.0:7687.
2026-01-16 07:46:11.891+0000 INFO  HTTP enabled on 0.0.0.0:7474.
2026-01-16 07:46:11.893+0000 INFO  Remote interface available at http://localhost:7474/
2026-01-16 07:46:11.903+0000 INFO  id: 694D0106309C42E66F038BFB37F6246FEBC75FB48AF9A6D089DCC823DFB32459
2026-01-16 07:46:11.905+0000 INFO  name: system
2026-01-16 07:46:11.908+0000 INFO  creationDate: 2026-01-16T07:45:01.063Z
2026-01-16 07:46:11.911+0000 INFO  Started.
2026-01-16 12:49:55.813+0000 INFO  Logging config in use: File '/var/lib/neo4j/conf/user-logs.xml'
2026-01-16 12:49:55.848+0000 INFO  Starting...
2026-01-16 12:49:57.447+0000 INFO  This instance is ServerId{fbf5d31a} (fbf5d31a-6f48-488f-a5f0-c5f1671359cd)
2026-01-16 12:49:58.584+0000 INFO  ======== Neo4j 5.16.0 ========
2026-01-16 12:50:05.612+0000 INFO  Bolt enabled on 0.0.0.0:7687.
2026-01-16 12:50:06.738+0000 INFO  HTTP enabled on 0.0.0.0:7474.
2026-01-16 12:50:06.740+0000 INFO  Remote interface available at http://localhost:7474/
2026-01-16 12:50:06.745+0000 INFO  id: 694D0106309C42E66F038BFB37F6246FEBC75FB48AF9A6D089DCC823DFB32459
2026-01-16 12:50:06.748+0000 INFO  name: system
2026-01-16 12:50:06.749+0000 INFO  creationDate: 2026-01-16T07:45:01.063Z
2026-01-16 12:50:06.751+0000 INFO  Started.
